# JRE version: OpenJDK Runtime Environment Temurin-17.0.14+7 (17.0.14+7) (build 17.0.14+7)
# Java VM: OpenJDK 64-Bit Server VM Temurin-17.0.14+7 (17.0.14+7, mixed mode, sharing, tiered, compressed oops, compressed class ptrs, g1 gc, windows-amd64)
GC Precious Log:
 CPUs: 16 total, 16 available
 Memory: 16077M
 Large Page Support: Disabled
 NUMA Support: Disabled
 Compressed Oops: Enabled (32-bit)
 Heap Region Size: 1M
 Heap Min Capacity: 8M
 Heap Initial Capacity: 252M
 Heap Max Capacity: 2G
 Pre-touch: Disabled
 Parallel Workers: 13
 Concurrent Workers: 3
 Concurrent Refinement Workers: 13
 Periodic GC: Disabled
Heap:
 garbage-first heap   total 342016K, used 162047K [0x0000000080000000, 0x0000000100000000)
  region size 1024K, 55 young (56320K), 13 survivors (13312K)
 Metaspace       used 82564K, committed 83776K, reserved 557056K
  class space    used 11666K, committed 12352K, reserved 425984K
GC Heap History (20 events):
Event: 6.504 GC heap before
{Heap before GC invocations=35 (full 0):
 garbage-first heap   total 172032K, used 90340K [0x0000000080000000, 0x0000000100000000)
  region size 1024K, 8 young (8192K), 5 survivors (5120K)
 Metaspace       used 62445K, committed 63296K, reserved 491520K
  class space    used 9090K, committed 9536K, reserved 425984K
}
Event: 6.506 GC heap after
{Heap after GC invocations=36 (full 0):
 garbage-first heap   total 172032K, used 86801K [0x0000000080000000, 0x0000000100000000)
  region size 1024K, 1 young (1024K), 1 survivors (1024K)
 Metaspace       used 62445K, committed 63296K, reserved 491520K
  class space    used 9090K, committed 9536K, reserved 425984K
}
Event: 6.663 GC heap before
{Heap before GC invocations=36 (full 0):
 garbage-first heap   total 172032K, used 138001K [0x0000000080000000, 0x0000000100000000)
  region size 1024K, 52 young (53248K), 1 survivors (1024K)
 Metaspace       used 63712K, committed 64640K, reserved 491520K
  class space    used 9281K, committed 9728K, reserved 425984K
}
Event: 6.665 GC heap after
{Heap after GC invocations=37 (full 0):
 garbage-first heap   total 172032K, used 89898K [0x0000000080000000, 0x0000000100000000)
  region size 1024K, 5 young (5120K), 5 survivors (5120K)
 Metaspace       used 63712K, committed 64640K, reserved 491520K
  class space    used 9281K, committed 9728K, reserved 425984K
}
Event: 6.848 GC heap before
{Heap before GC invocations=38 (full 0):
 garbage-first heap   total 172032K, used 140074K [0x0000000080000000, 0x0000000100000000)
  region size 1024K, 54 young (55296K), 5 survivors (5120K)
 Metaspace       used 64921K, committed 65792K, reserved 491520K
  class space    used 9475K, committed 9920K, reserved 425984K
}
Event: 6.850 GC heap after
{Heap after GC invocations=39 (full 0):
 garbage-first heap   total 172032K, used 91695K [0x0000000080000000, 0x0000000100000000)
  region size 1024K, 4 young (4096K), 4 survivors (4096K)
 Metaspace       used 64921K, committed 65792K, reserved 491520K
  class space    used 9475K, committed 9920K, reserved 425984K
}
Event: 6.862 GC heap before
{Heap before GC invocations=39 (full 0):
 garbage-first heap   total 172032K, used 95791K [0x0000000080000000, 0x0000000100000000)
  region size 1024K, 8 young (8192K), 4 survivors (4096K)
 Metaspace       used 65011K, committed 65856K, reserved 491520K
  class space    used 9493K, committed 9920K, reserved 425984K
}
Event: 6.864 GC heap after
{Heap after GC invocations=40 (full 0):
 garbage-first heap   total 172032K, used 90095K [0x0000000080000000, 0x0000000100000000)
  region size 1024K, 1 young (1024K), 1 survivors (1024K)
 Metaspace       used 65011K, committed 65856K, reserved 491520K
  class space    used 9493K, committed 9920K, reserved 425984K
}
Event: 7.015 GC heap before
{Heap before GC invocations=40 (full 0):
 garbage-first heap   total 172032K, used 140271K [0x0000000080000000, 0x0000000100000000)
  region size 1024K, 51 young (52224K), 1 survivors (1024K)
 Metaspace       used 65579K, committed 66432K, reserved 491520K
  class space    used 9561K, committed 9984K, reserved 425984K
}
Event: 7.020 GC heap after
{Heap after GC invocations=41 (full 0):
 garbage-first heap   total 342016K, used 94264K [0x0000000080000000, 0x0000000100000000)
  region size 1024K, 6 young (6144K), 6 survivors (6144K)
 Metaspace       used 65579K, committed 66432K, reserved 491520K
  class space    used 9561K, committed 9984K, reserved 425984K
}
Event: 7.444 GC heap before
{Heap before GC invocations=42 (full 0):
 garbage-first heap   total 342016K, used 271416K [0x0000000080000000, 0x0000000100000000)
  region size 1024K, 180 young (184320K), 6 survivors (6144K)
 Metaspace       used 67565K, committed 68480K, reserved 491520K
  class space    used 9775K, committed 10240K, reserved 425984K
}
Event: 7.455 GC heap after
{Heap after GC invocations=43 (full 0):
 garbage-first heap   total 342016K, used 101287K [0x0000000080000000, 0x0000000100000000)
  region size 1024K, 12 young (12288K), 12 survivors (12288K)
 Metaspace       used 67565K, committed 68480K, reserved 491520K
  class space    used 9775K, committed 10240K, reserved 425984K
}
Event: 7.463 GC heap before
{Heap before GC invocations=43 (full 0):
 garbage-first heap   total 342016K, used 104359K [0x0000000080000000, 0x0000000100000000)
  region size 1024K, 16 young (16384K), 12 survivors (12288K)
 Metaspace       used 67571K, committed 68480K, reserved 491520K
  class space    used 9775K, committed 10240K, reserved 425984K
}
Event: 7.472 GC heap after
{Heap after GC invocations=44 (full 0):
 garbage-first heap   total 342016K, used 101085K [0x0000000080000000, 0x0000000100000000)
  region size 1024K, 2 young (2048K), 2 survivors (2048K)
 Metaspace       used 67571K, committed 68480K, reserved 491520K
  class space    used 9775K, committed 10240K, reserved 425984K
}
Event: 8.178 GC heap before
{Heap before GC invocations=44 (full 0):
 garbage-first heap   total 342016K, used 275165K [0x0000000080000000, 0x0000000100000000)
  region size 1024K, 173 young (177152K), 2 survivors (2048K)
 Metaspace       used 71496K, committed 72576K, reserved 491520K
  class space    used 10251K, committed 10816K, reserved 425984K
}
Event: 8.190 GC heap after
{Heap after GC invocations=45 (full 0):
 garbage-first heap   total 342016K, used 109574K [0x0000000080000000, 0x0000000100000000)
  region size 1024K, 11 young (11264K), 11 survivors (11264K)
 Metaspace       used 71496K, committed 72576K, reserved 491520K
  class space    used 10251K, committed 10816K, reserved 425984K
}
Event: 17.585 GC heap before
{Heap before GC invocations=45 (full 0):
 garbage-first heap   total 342016K, used 275462K [0x0000000080000000, 0x0000000100000000)
  region size 1024K, 174 young (178176K), 11 survivors (11264K)
 Metaspace       used 80929K, committed 82112K, reserved 557056K
  class space    used 11460K, committed 12096K, reserved 425984K
}
Event: 17.596 GC heap after
{Heap after GC invocations=46 (full 0):
 garbage-first heap   total 342016K, used 117708K [0x0000000080000000, 0x0000000100000000)
  region size 1024K, 19 young (19456K), 19 survivors (19456K)
 Metaspace       used 80929K, committed 82112K, reserved 557056K
  class space    used 11460K, committed 12096K, reserved 425984K
}
Event: 20.145 GC heap before
{Heap before GC invocations=46 (full 0):
 garbage-first heap   total 342016K, used 275404K [0x0000000080000000, 0x0000000100000000)
  region size 1024K, 174 young (178176K), 19 survivors (19456K)
 Metaspace       used 81761K, committed 82944K, reserved 557056K
  class space    used 11556K, committed 12160K, reserved 425984K
}
Event: 20.155 GC heap after
{Heap after GC invocations=47 (full 0):
 garbage-first heap   total 342016K, used 120063K [0x0000000080000000, 0x0000000100000000)
  region size 1024K, 13 young (13312K), 13 survivors (13312K)
 Metaspace       used 81761K, committed 82944K, reserved 557056K
  class space    used 11556K, committed 12160K, reserved 425984K
}

